{"/Users/scottthomas/turing/4module/projects/koroibos/app.js": {"path":"/Users/scottthomas/turing/4module/projects/koroibos/app.js","statementMap":{"0":{"start":{"line":1,"column":14},"end":{"line":1,"column":32}},"1":{"start":{"line":2,"column":11},"end":{"line":2,"column":26}},"2":{"start":{"line":3,"column":19},"end":{"line":3,"column":43}},"3":{"start":{"line":4,"column":13},"end":{"line":4,"column":30}},"4":{"start":{"line":6,"column":18},"end":{"line":6,"column":43}},"5":{"start":{"line":7,"column":22},"end":{"line":7,"column":58}},"6":{"start":{"line":8,"column":26},"end":{"line":8,"column":67}},"7":{"start":{"line":9,"column":19},"end":{"line":9,"column":52}},"8":{"start":{"line":12,"column":10},"end":{"line":12,"column":19}},"9":{"start":{"line":14,"column":0},"end":{"line":14,"column":23}},"10":{"start":{"line":15,"column":0},"end":{"line":15,"column":24}},"11":{"start":{"line":16,"column":0},"end":{"line":16,"column":49}},"12":{"start":{"line":17,"column":0},"end":{"line":17,"column":24}},"13":{"start":{"line":18,"column":0},"end":{"line":18,"column":56}},"14":{"start":{"line":20,"column":0},"end":{"line":20,"column":26}},"15":{"start":{"line":21,"column":0},"end":{"line":21,"column":46}},"16":{"start":{"line":22,"column":0},"end":{"line":22,"column":55}},"17":{"start":{"line":23,"column":0},"end":{"line":23,"column":40}},"18":{"start":{"line":26,"column":0},"end":{"line":26,"column":21}}},"fnMap":{},"branchMap":{},"s":{"0":1,"1":1,"2":1,"3":1,"4":1,"5":1,"6":1,"7":1,"8":1,"9":1,"10":1,"11":1,"12":1,"13":1,"14":1,"15":1,"16":1,"17":1,"18":1},"f":{},"b":{},"_coverageSchema":"43e27e138ebf9cfc5966b082cf9a028302ed4184","hash":"a8878605d440a5b04749253e78c2bfadad4204f0"}
,"/Users/scottthomas/turing/4module/projects/koroibos/routes/api/v1/events.js": {"path":"/Users/scottthomas/turing/4module/projects/koroibos/routes/api/v1/events.js","statementMap":{"0":{"start":{"line":1,"column":16},"end":{"line":1,"column":34}},"1":{"start":{"line":2,"column":15},"end":{"line":2,"column":31}},"2":{"start":{"line":3,"column":12},"end":{"line":3,"column":28}},"3":{"start":{"line":4,"column":17},"end":{"line":4,"column":52}},"4":{"start":{"line":5,"column":14},"end":{"line":5,"column":46}},"5":{"start":{"line":6,"column":22},"end":{"line":6,"column":62}},"6":{"start":{"line":7,"column":18},"end":{"line":7,"column":38}},"7":{"start":{"line":8,"column":11},"end":{"line":8,"column":23}},"8":{"start":{"line":11,"column":0},"end":{"line":25,"column":2}},"9":{"start":{"line":12,"column":2},"end":{"line":12,"column":52}},"10":{"start":{"line":13,"column":2},"end":{"line":24,"column":3}},"11":{"start":{"line":14,"column":19},"end":{"line":20,"column":6}},"12":{"start":{"line":21,"column":4},"end":{"line":21,"column":37}},"13":{"start":{"line":23,"column":4},"end":{"line":23,"column":36}},"14":{"start":{"line":27,"column":0},"end":{"line":27,"column":24}}},"fnMap":{"0":{"name":"(anonymous_0)","decl":{"start":{"line":11,"column":16},"end":{"line":11,"column":17}},"loc":{"start":{"line":11,"column":42},"end":{"line":25,"column":1}},"line":11}},"branchMap":{},"s":{"0":1,"1":1,"2":1,"3":1,"4":1,"5":1,"6":1,"7":1,"8":1,"9":1,"10":1,"11":1,"12":1,"13":0,"14":1},"f":{"0":1},"b":{},"_coverageSchema":"43e27e138ebf9cfc5966b082cf9a028302ed4184","hash":"cea1a88e9f5d158fbdeb57ff0f4e007b3eb26731"}
}
